Warning: /usr/lib/sqoop/../accumulo does not exist! Accumulo imports will fail.
Please set $ACCUMULO_HOME to the root of your Accumulo installation.
16/02/14 09:28:38 INFO sqoop.Sqoop: Running Sqoop version: 1.4.6-cdh5.5.0
16/02/14 09:28:38 WARN tool.BaseSqoopTool: Setting your password on the command-line is insecure. Consider using -P instead.
16/02/14 09:28:39 INFO manager.SqlManager: Using default fetchSize of 1000
16/02/14 09:28:39 INFO tool.CodeGenTool: Beginning code generation
16/02/14 09:28:39 INFO manager.SqlManager: Executing SQL statement: SELECT t.* FROM "account_transactions" AS t LIMIT 1
16/02/14 09:28:39 INFO orm.CompilationManager: HADOOP_MAPRED_HOME is /usr/lib/hadoop-mapreduce
Note: /tmp/sqoop-cloudera/compile/61bb8193b729a1376f67e64ca9aa3b6c/account_transactions.java uses or overrides a deprecated API.
Note: Recompile with -Xlint:deprecation for details.
16/02/14 09:28:43 INFO orm.CompilationManager: Writing jar file: /tmp/sqoop-cloudera/compile/61bb8193b729a1376f67e64ca9aa3b6c/account_transactions.jar
16/02/14 09:28:43 WARN manager.PostgresqlManager: It looks like you are importing from postgresql.
16/02/14 09:28:43 WARN manager.PostgresqlManager: This transfer can be faster! Use the --direct
16/02/14 09:28:43 WARN manager.PostgresqlManager: option to exercise a postgresql-specific fast path.
16/02/14 09:28:43 INFO mapreduce.ImportJobBase: Beginning import of account_transactions
16/02/14 09:28:43 INFO Configuration.deprecation: mapred.job.tracker is deprecated. Instead, use mapreduce.jobtracker.address
16/02/14 09:28:44 INFO Configuration.deprecation: mapred.jar is deprecated. Instead, use mapreduce.job.jar
16/02/14 09:28:45 INFO Configuration.deprecation: mapred.map.tasks is deprecated. Instead, use mapreduce.job.maps
16/02/14 09:28:45 INFO client.RMProxy: Connecting to ResourceManager at /0.0.0.0:8032
16/02/14 09:28:48 INFO db.DBInputFormat: Using read commited transaction isolation
16/02/14 09:28:49 INFO mapreduce.JobSubmitter: number of splits:1
16/02/14 09:28:49 INFO mapreduce.JobSubmitter: Submitting tokens for job: job_1455466823851_0003
16/02/14 09:28:49 INFO impl.YarnClientImpl: Submitted application application_1455466823851_0003
16/02/14 09:28:50 INFO mapreduce.Job: The url to track the job: http://quickstart.cloudera:8088/proxy/application_1455466823851_0003/
16/02/14 09:28:50 INFO mapreduce.Job: Running job: job_1455466823851_0003
16/02/14 09:29:00 INFO mapreduce.Job: Job job_1455466823851_0003 running in uber mode : false
16/02/14 09:29:00 INFO mapreduce.Job:  map 0% reduce 0%
16/02/14 09:29:41 INFO mapreduce.Job:  map 100% reduce 0%
16/02/14 09:29:42 INFO mapreduce.Job: Job job_1455466823851_0003 completed successfully
16/02/14 09:29:43 INFO mapreduce.Job: Counters: 30
	File System Counters
		FILE: Number of bytes read=0
		FILE: Number of bytes written=137201
		FILE: Number of read operations=0
		FILE: Number of large read operations=0
		FILE: Number of write operations=0
		HDFS: Number of bytes read=87
		HDFS: Number of bytes written=316764988
		HDFS: Number of read operations=4
		HDFS: Number of large read operations=0
		HDFS: Number of write operations=2
	Job Counters 
		Launched map tasks=1
		Other local map tasks=1
		Total time spent by all maps in occupied slots (ms)=39549
		Total time spent by all reduces in occupied slots (ms)=0
		Total time spent by all map tasks (ms)=39549
		Total vcore-seconds taken by all map tasks=39549
		Total megabyte-seconds taken by all map tasks=40498176
	Map-Reduce Framework
		Map input records=2163063
		Map output records=2163063
		Input split bytes=87
		Spilled Records=0
		Failed Shuffles=0
		Merged Map outputs=0
		GC time elapsed (ms)=1118
		CPU time spent (ms)=25060
		Physical memory (bytes) snapshot=127676416
		Virtual memory (bytes) snapshot=1508093952
		Total committed heap usage (bytes)=60751872
	File Input Format Counters 
		Bytes Read=0
	File Output Format Counters 
		Bytes Written=316764988
16/02/14 09:29:43 INFO mapreduce.ImportJobBase: Transferred 302.0906 MB in 57.7021 seconds (5.2354 MB/sec)
16/02/14 09:29:43 INFO mapreduce.ImportJobBase: Retrieved 2163063 records.
